TN:
SF:C:/projects/HoneybeeAurelia/src/components/hb-address.ts
FN:5,(anonymous_2)
FN:5,HBAddress
FNF:2
FNH:2
FNDA:1,(anonymous_2)
FNDA:2,HBAddress
DA:5,1
DA:6,1
DA:8,1
LF:3
LH:3
BRF:0
BRH:0
end_of_record
TN:
SF:C:/projects/HoneybeeAurelia/src/components/hb-email.ts
FN:4,(anonymous_2)
FN:4,HBEmail
FNF:2
FNH:2
FNDA:1,(anonymous_2)
FNDA:1,HBEmail
DA:4,1
DA:5,1
DA:6,1
LF:3
LH:3
BRF:0
BRH:0
end_of_record
TN:
SF:C:/projects/HoneybeeAurelia/src/components/hb-label.ts
FN:5,(anonymous_2)
FN:5,HBLabel
FN:10,(anonymous_4)
FNF:3
FNH:3
FNDA:1,(anonymous_2)
FNDA:1,HBLabel
FNDA:3,(anonymous_4)
DA:5,1
DA:6,1
DA:7,1
DA:10,1
DA:12,3
DA:14,1
DA:15,1
DA:17,1
DA:18,1
DA:20,1
DA:21,1
DA:23,0
DA:26,1
LF:13
LH:12
BRDA:13,0,0,1
BRDA:13,0,1,1
BRDA:13,0,2,1
BRDA:13,0,3,0
BRF:4
BRH:3
end_of_record
TN:
SF:C:/projects/HoneybeeAurelia/src/model/enums.ts
FN:1,(anonymous_0)
FN:7,(anonymous_1)
FN:11,(anonymous_2)
FN:16,(anonymous_3)
FN:23,(anonymous_4)
FN:29,(anonymous_5)
FNF:6
FNH:6
FNDA:1,(anonymous_0)
FNDA:1,(anonymous_1)
FNDA:1,(anonymous_2)
FNDA:1,(anonymous_3)
FNDA:1,(anonymous_4)
FNDA:1,(anonymous_5)
DA:1,1
DA:2,1
DA:3,1
DA:4,1
DA:5,1
DA:7,1
DA:8,1
DA:9,1
DA:11,1
DA:12,1
DA:13,1
DA:14,1
DA:16,1
DA:17,1
DA:18,1
DA:19,1
DA:20,1
DA:23,1
DA:24,1
DA:25,1
DA:26,1
DA:29,1
DA:30,1
DA:31,1
DA:32,1
LF:25
LH:25
BRDA:1,0,0,1
BRDA:1,0,1,1
BRDA:7,1,0,1
BRDA:7,1,1,1
BRDA:11,2,0,1
BRDA:11,2,1,1
BRDA:16,3,0,1
BRDA:16,3,1,1
BRDA:23,4,0,1
BRDA:23,4,1,1
BRDA:29,5,0,1
BRDA:29,5,1,1
BRF:12
BRH:12
end_of_record
TN:
SF:C:/projects/HoneybeeAurelia/src/value-converters/to-address-value-converter.ts
FN:3,(anonymous_0)
FN:4,(anonymous_2)
FN:11,(anonymous_3)
FNF:3
FNH:2
FNDA:3,(anonymous_0)
FNDA:8,(anonymous_2)
FNDA:0,(anonymous_3)
DA:3,1
DA:4,1
DA:5,8
DA:6,8
DA:8,0
DA:11,1
DA:12,0
DA:13,0
DA:15,0
DA:16,0
DA:17,0
DA:18,0
DA:20,1
LF:13
LH:6
BRDA:5,0,0,8
BRDA:5,0,1,0
BRDA:12,1,0,0
BRDA:12,1,1,0
BRF:4
BRH:1
end_of_record
